# JRE version: Java(TM) SE Runtime Environment (8.0_131-b11) (build 1.8.0_131-b11)
# Java VM: Java HotSpot(TM) 64-Bit Server VM (25.131-b11 mixed mode windows-amd64 compressed oops)
Heap:
 PSYoungGen      total 225280K, used 29811K [0x000000076b900000, 0x000000077c800000, 0x00000007c0000000)
  eden space 217088K, 13% used [0x000000076b900000,0x000000076d61cc20,0x0000000778d00000)
  from space 8192K, 0% used [0x000000077c000000,0x000000077c000000,0x000000077c800000)
  to   space 9216K, 0% used [0x000000077b600000,0x000000077b600000,0x000000077bf00000)
 ParOldGen       total 143360K, used 18033K [0x00000006c2a00000, 0x00000006cb600000, 0x000000076b900000)
  object space 143360K, 12% used [0x00000006c2a00000,0x00000006c3b9c400,0x00000006cb600000)
 Metaspace       used 35564K, capacity 36700K, committed 36824K, reserved 1081344K
  class space    used 4584K, capacity 4830K, committed 4864K, reserved 1048576K
GC Heap History (10 events):
Event: 1.203 GC heap before
{Heap before GC invocations=6 (full 1):
 PSYoungGen      total 140800K, used 7647K [0x000000076b900000, 0x000000077c900000, 0x00000007c0000000)
  eden space 130048K, 0% used [0x000000076b900000,0x000000076b900000,0x0000000773800000)
  from space 10752K, 71% used [0x0000000773800000,0x0000000773f77f10,0x0000000774280000)
  to   space 9216K, 0% used [0x000000077c000000,0x000000077c000000,0x000000077c900000)
 ParOldGen       total 173568K, used 48K [0x00000006c2a00000, 0x00000006cd380000, 0x000000076b900000)
  object space 173568K, 0% used [0x00000006c2a00000,0x00000006c2a0c000,0x00000006cd380000)
 Metaspace       used 20529K, capacity 21130K, committed 21248K, reserved 1067008K
  class space    used 2628K, capacity 2801K, committed 2816K, reserved 1048576K
Event: 1.219 GC heap after
Heap after GC invocations=6 (full 1):
 PSYoungGen      total 140800K, used 0K [0x000000076b900000, 0x000000077c900000, 0x00000007c0000000)
  eden space 130048K, 0% used [0x000000076b900000,0x000000076b900000,0x0000000773800000)
  from space 10752K, 0% used [0x0000000773800000,0x0000000773800000,0x0000000774280000)
  to   space 9216K, 0% used [0x000000077c000000,0x000000077c000000,0x000000077c900000)
 ParOldGen       total 91648K, used 7278K [0x00000006c2a00000, 0x00000006c8380000, 0x000000076b900000)
  object space 91648K, 7% used [0x00000006c2a00000,0x00000006c311b930,0x00000006c8380000)
 Metaspace       used 20529K, capacity 21130K, committed 21248K, reserved 1067008K
  class space    used 2628K, capacity 2801K, committed 2816K, reserved 1048576K
}
Event: 1.798 GC heap before
{Heap before GC invocations=7 (full 1):
 PSYoungGen      total 140800K, used 130048K [0x000000076b900000, 0x000000077c900000, 0x00000007c0000000)
  eden space 130048K, 100% used [0x000000076b900000,0x0000000773800000,0x0000000773800000)
  from space 10752K, 0% used [0x0000000773800000,0x0000000773800000,0x0000000774280000)
  to   space 9216K, 0% used [0x000000077c000000,0x000000077c000000,0x000000077c900000)
 ParOldGen       total 91648K, used 7278K [0x00000006c2a00000, 0x00000006c8380000, 0x000000076b900000)
  object space 91648K, 7% used [0x00000006c2a00000,0x00000006c311b930,0x00000006c8380000)
 Metaspace       used 28014K, capacity 28910K, committed 29184K, reserved 1075200K
  class space    used 3622K, capacity 3823K, committed 3840K, reserved 1048576K
Event: 1.803 GC heap after
Heap after GC invocations=7 (full 1):
 PSYoungGen      total 225280K, used 7939K [0x000000076b900000, 0x000000077c800000, 0x00000007c0000000)
  eden space 217088K, 0% used [0x000000076b900000,0x000000076b900000,0x0000000778d00000)
  from space 8192K, 96% used [0x000000077c000000,0x000000077c7c0e88,0x000000077c800000)
  to   space 9216K, 0% used [0x000000077b600000,0x000000077b600000,0x000000077bf00000)
 ParOldGen       total 91648K, used 7350K [0x00000006c2a00000, 0x00000006c8380000, 0x000000076b900000)
  object space 91648K, 8% used [0x00000006c2a00000,0x00000006c312d940,0x00000006c8380000)
 Metaspace       used 28014K, capacity 28910K, committed 29184K, reserved 1075200K
  class space    used 3622K, capacity 3823K, committed 3840K, reserved 1048576K
}
Event: 2.505 GC heap before
{Heap before GC invocations=8 (full 1):
 PSYoungGen      total 225280K, used 225027K [0x000000076b900000, 0x000000077c800000, 0x00000007c0000000)
  eden space 217088K, 100% used [0x000000076b900000,0x0000000778d00000,0x0000000778d00000)
  from space 8192K, 96% used [0x000000077c000000,0x000000077c7c0e88,0x000000077c800000)
  to   space 9216K, 0% used [0x000000077b600000,0x000000077b600000,0x000000077bf00000)
 ParOldGen       total 91648K, used 7350K [0x00000006c2a00000, 0x00000006c8380000, 0x000000076b900000)
  object space 91648K, 8% used [0x00000006c2a00000,0x00000006c312d940,0x00000006c8380000)
 Metaspace       used 31946K, capacity 32966K, committed 33024K, reserved 1077248K
  class space    used 4081K, capacity 4323K, committed 4352K, reserved 1048576K
Event: 2.512 GC heap after
Heap after GC invocations=8 (full 1):
 PSYoungGen      total 226304K, used 9206K [0x000000076b900000, 0x000000077c800000, 0x00000007c0000000)
  eden space 217088K, 0% used [0x000000076b900000,0x000000076b900000,0x0000000778d00000)
  from space 9216K, 99% used [0x000000077b600000,0x000000077befda80,0x000000077bf00000)
  to   space 8192K, 0% used [0x000000077c000000,0x000000077c000000,0x000000077c800000)
 ParOldGen       total 91648K, used 11871K [0x00000006c2a00000, 0x00000006c8380000, 0x000000076b900000)
  object space 91648K, 12% used [0x00000006c2a00000,0x00000006c3597ef8,0x00000006c8380000)
 Metaspace       used 31946K, capacity 32966K, committed 33024K, reserved 1077248K
  class space    used 4081K, capacity 4323K, committed 4352K, reserved 1048576K
}
Event: 2.931 GC heap before
{Heap before GC invocations=9 (full 1):
 PSYoungGen      total 226304K, used 111280K [0x000000076b900000, 0x000000077c800000, 0x00000007c0000000)
  eden space 217088K, 47% used [0x000000076b900000,0x0000000771cae620,0x0000000778d00000)
  from space 9216K, 99% used [0x000000077b600000,0x000000077befda80,0x000000077bf00000)
  to   space 8192K, 0% used [0x000000077c000000,0x000000077c000000,0x000000077c800000)
 ParOldGen       total 91648K, used 11871K [0x00000006c2a00000, 0x00000006c8380000, 0x000000076b900000)
  object space 91648K, 12% used [0x00000006c2a00000,0x00000006c3597ef8,0x00000006c8380000)
 Metaspace       used 34282K, capacity 35340K, committed 35416K, reserved 1079296K
  class space    used 4466K, capacity 4700K, committed 4736K, reserved 1048576K
Event: 2.936 GC heap after
Heap after GC invocations=9 (full 1):
 PSYoungGen      total 225280K, used 8164K [0x000000076b900000, 0x000000077c800000, 0x00000007c0000000)
  eden space 217088K, 0% used [0x000000076b900000,0x000000076b900000,0x0000000778d00000)
  from space 8192K, 99% used [0x000000077c000000,0x000000077c7f9040,0x000000077c800000)
  to   space 9216K, 0% used [0x000000077b600000,0x000000077b600000,0x000000077bf00000)
 ParOldGen       total 91648K, used 16581K [0x00000006c2a00000, 0x00000006c8380000, 0x000000076b900000)
  object space 91648K, 18% used [0x00000006c2a00000,0x00000006c3a316f0,0x00000006c8380000)
 Metaspace       used 34282K, capacity 35340K, committed 35416K, reserved 1079296K
  class space    used 4466K, capacity 4700K, committed 4736K, reserved 1048576K
}
Event: 2.936 GC heap before
{Heap before GC invocations=10 (full 2):
 PSYoungGen      total 225280K, used 8164K [0x000000076b900000, 0x000000077c800000, 0x00000007c0000000)
  eden space 217088K, 0% used [0x000000076b900000,0x000000076b900000,0x0000000778d00000)
  from space 8192K, 99% used [0x000000077c000000,0x000000077c7f9040,0x000000077c800000)
  to   space 9216K, 0% used [0x000000077b600000,0x000000077b600000,0x000000077bf00000)
 ParOldGen       total 91648K, used 16581K [0x00000006c2a00000, 0x00000006c8380000, 0x000000076b900000)
  object space 91648K, 18% used [0x00000006c2a00000,0x00000006c3a316f0,0x00000006c8380000)
 Metaspace       used 34282K, capacity 35340K, committed 35416K, reserved 1079296K
  class space    used 4466K, capacity 4700K, committed 4736K, reserved 1048576K
Event: 2.966 GC heap after
Heap after GC invocations=10 (full 2):
 PSYoungGen      total 225280K, used 0K [0x000000076b900000, 0x000000077c800000, 0x00000007c0000000)
  eden space 217088K, 0% used [0x000000076b900000,0x000000076b900000,0x0000000778d00000)
  from space 8192K, 0% used [0x000000077c000000,0x000000077c000000,0x000000077c800000)
  to   space 9216K, 0% used [0x000000077b600000,0x000000077b600000,0x000000077bf00000)
 ParOldGen       total 143360K, used 18033K [0x00000006c2a00000, 0x00000006cb600000, 0x000000076b900000)
  object space 143360K, 12% used [0x00000006c2a00000,0x00000006c3b9c400,0x00000006cb600000)
 Metaspace       used 34282K, capacity 35340K, committed 35416K, reserved 1079296K
  class space    used 4466K, capacity 4700K, committed 4736K, reserved 1048576K
}

